<?xml version="1.0" encoding="UTF-8"?>
<!-- Generated by org.testng.reporters.JUnitXMLReporter -->
<testsuite ignored="0" hostname="DESKTOP-E8Q152A" failures="0" tests="1" name="Default test" time="0.06" errors="0" timestamp="2021-11-24T16:34:50 IST">
  <testcase classname="test.pack.TOVerifyHomePage" name="@BeforeTest toLaunchTheBrowser" time="-1.637751890256E9">
    <failure type="org.testng.TestNGException" message="
Parameter &amp;apos;browser&amp;apos; is required by BeforeTest on method toLaunchTheBrowser but has not been marked @Optional or defined
in C:\Users\user\AppData\Local\Temp\testng-eclipse--392006276\testng-customsuite.xml">
      <![CDATA[org.testng.TestNGException: 
Parameter 'browser' is required by BeforeTest on method toLaunchTheBrowser but has not been marked @Optional or defined
in C:\Users\user\AppData\Local\Temp\testng-eclipse--392006276\testng-customsuite.xml
at org.testng.internal.Parameters.createParams(Parameters.java:268)
at org.testng.internal.Parameters.createParametersForMethod(Parameters.java:356)
at org.testng.internal.Parameters.createParameters(Parameters.java:700)
at org.testng.internal.Parameters.createConfigurationParameters(Parameters.java:166)
at org.testng.internal.ConfigInvoker.invokeConfigurations(ConfigInvoker.java:301)
at org.testng.TestRunner.invokeTestConfigurations(TestRunner.java:617)
at org.testng.TestRunner.beforeRun(TestRunner.java:607)
at org.testng.TestRunner.run(TestRunner.java:578)
at org.testng.SuiteRunner.runTest(SuiteRunner.java:384)
at org.testng.SuiteRunner.runSequentially(SuiteRunner.java:378)
at org.testng.SuiteRunner.privateRun(SuiteRunner.java:337)
at org.testng.SuiteRunner.run(SuiteRunner.java:286)
at org.testng.SuiteRunnerWorker.runSuite(SuiteRunnerWorker.java:53)
at org.testng.SuiteRunnerWorker.run(SuiteRunnerWorker.java:96)
at org.testng.TestNG.runSuitesSequentially(TestNG.java:1218)
at org.testng.TestNG.runSuitesLocally(TestNG.java:1140)
at org.testng.TestNG.runSuites(TestNG.java:1069)
at org.testng.TestNG.run(TestNG.java:1037)
at org.testng.remote.AbstractRemoteTestNG.run(AbstractRemoteTestNG.java:115)
at org.testng.remote.RemoteTestNG.initAndRun(RemoteTestNG.java:251)
at org.testng.remote.RemoteTestNG.main(RemoteTestNG.java:77)
]]>
    </failure>
  </testcase> <!-- @BeforeTest toLaunchTheBrowser -->
  <testcase classname="test.pack.TOVerifyHomePage" name="@BeforeClass toLaunchTheBrowser" time="-1.637751890283E9">
    <skipped/>
  </testcase> <!-- @BeforeClass toLaunchTheBrowser -->
  <testcase classname="test.pack.TOVerifyHomePage" name="@BeforeMethod toLoginThePage" time="-1.637751890297E9">
    <skipped/>
  </testcase> <!-- @BeforeMethod toLoginThePage -->
  <testcase classname="test.pack.TOVerifyHomePage" name="@AfterMethod toLogOutUcn" time="-1.637751890303E9">
    <skipped/>
  </testcase> <!-- @AfterMethod toLogOutUcn -->
  <testcase classname="test.pack.TOVerifyHomePage" name="@AfterClass toCloseTheBrowser" time="-1.637751890305E9">
    <skipped/>
  </testcase> <!-- @AfterClass toCloseTheBrowser -->
  <testcase classname="test.pack.TOVerifyHomePage" name="@AfterTest toClean" time="-1.637751890308E9">
    <skipped/>
  </testcase> <!-- @AfterTest toClean -->
  <testcase classname="test.pack.TOVerifyHomePage" name="loginPageVerification" time="0.0">
    <skipped/>
  </testcase> <!-- loginPageVerification -->
</testsuite> <!-- Default test -->
