<?xml version="1.0" encoding="UTF-8"?>
<testng-results ignored="0" total="1" passed="0" failed="0" skipped="1">
  <reporter-output>
  </reporter-output>
  <suite started-at="2021-11-24T16:34:50 IST" name="Default suite" finished-at="2021-11-24T16:34:50 IST" duration-ms="60">
    <groups>
    </groups>
    <test started-at="2021-11-24T16:34:50 IST" name="Default test" finished-at="2021-11-24T16:34:50 IST" duration-ms="60">
      <class name="test.pack.TOVerifyHomePage">
        <test-method is-config="true" signature="toLaunchTheBrowser(java.lang.String)[pri:0, instance:test.pack.TOVerifyHomePage@696da30b]" started-at="2021-11-24T16:34:50 IST" name="toLaunchTheBrowser" finished-at="1970-01-01T05:30:00 IST" duration-ms="-1637751890256" status="FAIL">
          <exception class="org.testng.TestNGException">
            <message>
              <![CDATA[
Parameter 'browser' is required by BeforeTest on method toLaunchTheBrowser but has not been marked @Optional or defined
in C:\Users\user\AppData\Local\Temp\testng-eclipse--392006276\testng-customsuite.xml]]>
            </message>
            <full-stacktrace>
              <![CDATA[org.testng.TestNGException: 
Parameter 'browser' is required by BeforeTest on method toLaunchTheBrowser but has not been marked @Optional or defined
in C:\Users\user\AppData\Local\Temp\testng-eclipse--392006276\testng-customsuite.xml
at org.testng.internal.Parameters.createParams(Parameters.java:268)
at org.testng.internal.Parameters.createParametersForMethod(Parameters.java:356)
at org.testng.internal.Parameters.createParameters(Parameters.java:700)
at org.testng.internal.Parameters.createConfigurationParameters(Parameters.java:166)
at org.testng.internal.ConfigInvoker.invokeConfigurations(ConfigInvoker.java:301)
at org.testng.TestRunner.invokeTestConfigurations(TestRunner.java:617)
at org.testng.TestRunner.beforeRun(TestRunner.java:607)
at org.testng.TestRunner.run(TestRunner.java:578)
at org.testng.SuiteRunner.runTest(SuiteRunner.java:384)
at org.testng.SuiteRunner.runSequentially(SuiteRunner.java:378)
at org.testng.SuiteRunner.privateRun(SuiteRunner.java:337)
at org.testng.SuiteRunner.run(SuiteRunner.java:286)
at org.testng.SuiteRunnerWorker.runSuite(SuiteRunnerWorker.java:53)
at org.testng.SuiteRunnerWorker.run(SuiteRunnerWorker.java:96)
at org.testng.TestNG.runSuitesSequentially(TestNG.java:1218)
at org.testng.TestNG.runSuitesLocally(TestNG.java:1140)
at org.testng.TestNG.runSuites(TestNG.java:1069)
at org.testng.TestNG.run(TestNG.java:1037)
at org.testng.remote.AbstractRemoteTestNG.run(AbstractRemoteTestNG.java:115)
at org.testng.remote.RemoteTestNG.initAndRun(RemoteTestNG.java:251)
at org.testng.remote.RemoteTestNG.main(RemoteTestNG.java:77)
]]>
            </full-stacktrace>
          </exception> <!-- org.testng.TestNGException -->
          <reporter-output>
          </reporter-output>
        </test-method> <!-- toLaunchTheBrowser -->
        <test-method is-config="true" signature="toLaunchTheBrowser()[pri:0, instance:test.pack.TOVerifyHomePage@696da30b]" started-at="2021-11-24T16:34:50 IST" name="toLaunchTheBrowser" finished-at="1970-01-01T05:30:00 IST" duration-ms="-1637751890283" status="SKIP">
          <reporter-output>
          </reporter-output>
        </test-method> <!-- toLaunchTheBrowser -->
        <test-method is-config="true" signature="toLoginThePage()[pri:0, instance:test.pack.TOVerifyHomePage@696da30b]" started-at="2021-11-24T16:34:50 IST" name="toLoginThePage" finished-at="1970-01-01T05:30:00 IST" duration-ms="-1637751890297" status="SKIP">
          <reporter-output>
          </reporter-output>
        </test-method> <!-- toLoginThePage -->
        <test-method signature="loginPageVerification()[pri:0, instance:test.pack.TOVerifyHomePage@696da30b]" started-at="2021-11-24T16:34:50 IST" name="loginPageVerification" finished-at="2021-11-24T16:34:50 IST" duration-ms="0" status="SKIP">
          <exception class="org.testng.TestNGException">
            <message>
              <![CDATA[
Parameter 'browser' is required by BeforeTest on method toLaunchTheBrowser but has not been marked @Optional or defined
in C:\Users\user\AppData\Local\Temp\testng-eclipse--392006276\testng-customsuite.xml]]>
            </message>
            <full-stacktrace>
              <![CDATA[org.testng.TestNGException: 
Parameter 'browser' is required by BeforeTest on method toLaunchTheBrowser but has not been marked @Optional or defined
in C:\Users\user\AppData\Local\Temp\testng-eclipse--392006276\testng-customsuite.xml
at org.testng.internal.Parameters.createParams(Parameters.java:268)
at org.testng.internal.Parameters.createParametersForMethod(Parameters.java:356)
at org.testng.internal.Parameters.createParameters(Parameters.java:700)
at org.testng.internal.Parameters.createConfigurationParameters(Parameters.java:166)
at org.testng.internal.ConfigInvoker.invokeConfigurations(ConfigInvoker.java:301)
at org.testng.TestRunner.invokeTestConfigurations(TestRunner.java:617)
at org.testng.TestRunner.beforeRun(TestRunner.java:607)
at org.testng.TestRunner.run(TestRunner.java:578)
at org.testng.SuiteRunner.runTest(SuiteRunner.java:384)
at org.testng.SuiteRunner.runSequentially(SuiteRunner.java:378)
at org.testng.SuiteRunner.privateRun(SuiteRunner.java:337)
at org.testng.SuiteRunner.run(SuiteRunner.java:286)
at org.testng.SuiteRunnerWorker.runSuite(SuiteRunnerWorker.java:53)
at org.testng.SuiteRunnerWorker.run(SuiteRunnerWorker.java:96)
at org.testng.TestNG.runSuitesSequentially(TestNG.java:1218)
at org.testng.TestNG.runSuitesLocally(TestNG.java:1140)
at org.testng.TestNG.runSuites(TestNG.java:1069)
at org.testng.TestNG.run(TestNG.java:1037)
at org.testng.remote.AbstractRemoteTestNG.run(AbstractRemoteTestNG.java:115)
at org.testng.remote.RemoteTestNG.initAndRun(RemoteTestNG.java:251)
at org.testng.remote.RemoteTestNG.main(RemoteTestNG.java:77)
]]>
            </full-stacktrace>
          </exception> <!-- org.testng.TestNGException -->
          <reporter-output>
          </reporter-output>
        </test-method> <!-- loginPageVerification -->
        <test-method is-config="true" signature="toLogOutUcn()[pri:0, instance:test.pack.TOVerifyHomePage@696da30b]" started-at="2021-11-24T16:34:50 IST" name="toLogOutUcn" finished-at="1970-01-01T05:30:00 IST" duration-ms="-1637751890303" status="SKIP">
          <reporter-output>
          </reporter-output>
        </test-method> <!-- toLogOutUcn -->
        <test-method is-config="true" signature="toCloseTheBrowser()[pri:0, instance:test.pack.TOVerifyHomePage@696da30b]" started-at="2021-11-24T16:34:50 IST" name="toCloseTheBrowser" finished-at="1970-01-01T05:30:00 IST" duration-ms="-1637751890305" status="SKIP">
          <reporter-output>
          </reporter-output>
        </test-method> <!-- toCloseTheBrowser -->
        <test-method is-config="true" signature="toClean()[pri:0, instance:test.pack.TOVerifyHomePage@696da30b]" started-at="2021-11-24T16:34:50 IST" name="toClean" finished-at="1970-01-01T05:30:00 IST" duration-ms="-1637751890308" status="SKIP">
          <reporter-output>
          </reporter-output>
        </test-method> <!-- toClean -->
      </class> <!-- test.pack.TOVerifyHomePage -->
    </test> <!-- Default test -->
  </suite> <!-- Default suite -->
</testng-results>
